INFO:     Started server process [75271]
INFO:     Waiting for application startup.
2026-06-24 06:10:00,454 INFO prediction_market_engine.engine: Starting poll cycle (mock=False)
2026-06-24 06:10:00,514 INFO httpx: HTTP Request: GET https://api.elections.kalshi.com/trade-api/v2/markets?limit=100&status=open "HTTP/1.1 200 OK"
2026-06-24 06:10:00,551 WARNING prediction_market_engine.normalization.canonical_market: Skipping kalshi market KXMVECROSSCATEGORY-S2026ABCD0BCB7FC-25ADE87B8C7: no probability
2026-06-24 06:10:00,551 WARNING prediction_market_engine.normalization.canonical_market: Skipping kalshi market KXMVESPORTSMULTIGAMEEXTENDED-S20262D336DF3AFF-A7BCA2AC8DF: no probability
2026-06-24 06:10:00,551 WARNING prediction_market_engine.normalization.canonical_market: Skipping kalshi market KXMVESPORTSMULTIGAMEEXTENDED-S20268126046C5C1-0B52045AAC2: no probability
2026-06-24 06:10:00,551 WARNING prediction_market_engine.normalization.canonical_market: Skipping kalshi market KXMVESPORTSMULTIGAMEEXTENDED-S2026D2FC3549290-2AA4EB7610C: no probability
2026-06-24 06:10:00,551 WARNING prediction_market_engine.normalization.canonical_market: Skipping kalshi market KXMVESPORTSMULTIGAMEEXTENDED-S2026439ACAD2099-86DE10E4147: no probability
2026-06-24 06:10:00,551 WARNING prediction_market_engine.normalization.canonical_market: Skipping kalshi market KXMVESPORTSMULTIGAMEEXTENDED-S2026D97F579FB7C-199759DDD82: no probability
2026-06-24 06:10:00,551 WARNING prediction_market_engine.normalization.canonical_market: Skipping kalshi market KXMVECROSSCATEGORY-S20262BE5E840088-9B28D9CF59B: no probability
2026-06-24 06:10:00,551 WARNING prediction_market_engine.normalization.canonical_market: Skipping kalshi market KXMVESPORTSMULTIGAMEEXTENDED-S202695B75264E9F-43D28CD76BB: no probability
2026-06-24 06:10:00,552 WARNING prediction_market_engine.normalization.canonical_market: Skipping kalshi market KXMVESPORTSMULTIGAMEEXTENDED-S2026EDA7465C007-4B5EC78A629: no probability
2026-06-24 06:10:00,552 WARNING prediction_market_engine.normalization.canonical_market: Skipping kalshi market KXMVESPORTSMULTIGAMEEXTENDED-S2026E1487BCA8DE-361D744F554: no probability
2026-06-24 06:10:00,552 WARNING prediction_market_engine.normalization.canonical_market: Skipping kalshi market KXMVESPORTSMULTIGAMEEXTENDED-S20260046E0A1F88-37B76931755: no probability
2026-06-24 06:10:00,552 WARNING prediction_market_engine.normalization.canonical_market: Skipping kalshi market KXMVESPORTSMULTIGAMEEXTENDED-S2026E61B1B19736-6E557D3D234: no probability
2026-06-24 06:10:00,552 WARNING prediction_market_engine.normalization.canonical_market: Skipping kalshi market KXMVESPORTSMULTIGAMEEXTENDED-S2026C254F1B8343-1B831A61CDB: no probability
2026-06-24 06:10:00,552 WARNING prediction_market_engine.normalization.canonical_market: Skipping kalshi market KXMVESPORTSMULTIGAMEEXTENDED-S20260CE125FC9AF-5312846124B: no probability
2026-06-24 06:10:00,552 WARNING prediction_market_engine.normalization.canonical_market: Skipping kalshi market KXMVESPORTSMULTIGAMEEXTENDED-S20268C697E249D3-7077B64B20D: no probability
2026-06-24 06:10:00,552 WARNING prediction_market_engine.normalization.canonical_market: Skipping kalshi market KXMVESPORTSMULTIGAMEEXTENDED-S2026943984885DE-97A5D9FFCDA: no probability
2026-06-24 06:10:00,552 WARNING prediction_market_engine.normalization.canonical_market: Skipping kalshi market KXMVESPORTSMULTIGAMEEXTENDED-S2026162E2D59632-87826E840C3: no probability
2026-06-24 06:10:00,552 WARNING prediction_market_engine.normalization.canonical_market: Skipping kalshi market KXMVESPORTSMULTIGAMEEXTENDED-S20261E527270339-5B2FE979E77: no probability
2026-06-24 06:10:00,552 WARNING prediction_market_engine.normalization.canonical_market: Skipping kalshi market KXMVESPORTSMULTIGAMEEXTENDED-S202619DB78BE107-9CB670A9440: no probability
2026-06-24 06:10:00,552 WARNING prediction_market_engine.normalization.canonical_market: Skipping kalshi market KXMVESPORTSMULTIGAMEEXTENDED-S20269AFE65158BD-CFCB75D9D90: no probability
2026-06-24 06:10:00,552 WARNING prediction_market_engine.normalization.canonical_market: Skipping kalshi market KXMVESPORTSMULTIGAMEEXTENDED-S20269E7359A6CD3-B230A3D066B: no probability
2026-06-24 06:10:00,552 WARNING prediction_market_engine.normalization.canonical_market: Skipping kalshi market KXMVESPORTSMULTIGAMEEXTENDED-S2026C0D42A4A8F5-73AC527744F: no probability
2026-06-24 06:10:00,552 WARNING prediction_market_engine.normalization.canonical_market: Skipping kalshi market KXMVESPORTSMULTIGAMEEXTENDED-S20265E64FB43F0E-F485F905E19: no probability
2026-06-24 06:10:00,552 WARNING prediction_market_engine.normalization.canonical_market: Skipping kalshi market KXMVESPORTSMULTIGAMEEXTENDED-S20263A43200FD34-2D0DF418AAD: no probability
2026-06-24 06:10:00,552 WARNING prediction_market_engine.normalization.canonical_market: Skipping kalshi market KXMVESPORTSMULTIGAMEEXTENDED-S202676BA94C6399-5AEA5A658DF: no probability
2026-06-24 06:10:00,552 WARNING prediction_market_engine.normalization.canonical_market: Skipping kalshi market KXMVECROSSCATEGORY-S2026799949BD16A-199CAD5CD3D: no probability
2026-06-24 06:10:00,552 WARNING prediction_market_engine.normalization.canonical_market: Skipping kalshi market KXMVESPORTSMULTIGAMEEXTENDED-S20268043EF9F2F8-F57DC911F2A: no probability
2026-06-24 06:10:00,552 WARNING prediction_market_engine.normalization.canonical_market: Skipping kalshi market KXMVESPORTSMULTIGAMEEXTENDED-S2026752D123E9CB-AF100B80882: no probability
2026-06-24 06:10:00,552 WARNING prediction_market_engine.normalization.canonical_market: Skipping kalshi market KXMVESPORTSMULTIGAMEEXTENDED-S2026F68A3CB49AC-9A16B62BC05: no probability
2026-06-24 06:10:00,552 WARNING prediction_market_engine.normalization.canonical_market: Skipping kalshi market KXMVESPORTSMULTIGAMEEXTENDED-S20264AE35A7BC86-3C9EF502D58: no probability
2026-06-24 06:10:00,552 WARNING prediction_market_engine.normalization.canonical_market: Skipping kalshi market KXMVESPORTSMULTIGAMEEXTENDED-S20260851AED9FB5-FE7505B35DA: no probability
2026-06-24 06:10:00,552 WARNING prediction_market_engine.normalization.canonical_market: Skipping kalshi market KXMVECROSSCATEGORY-S2026C69D0CFC35C-2D0DEBF6CA3: no probability
2026-06-24 06:10:00,552 WARNING prediction_market_engine.normalization.canonical_market: Skipping kalshi market KXMVESPORTSMULTIGAMEEXTENDED-S2026267FD1F896B-8C45CD311FF: no probability
2026-06-24 06:10:00,552 WARNING prediction_market_engine.normalization.canonical_market: Skipping kalshi market KXMVESPORTSMULTIGAMEEXTENDED-S2026AD652F5ABFB-AF642F2A1A8: no probability
2026-06-24 06:10:00,552 WARNING prediction_market_engine.normalization.canonical_market: Skipping kalshi market KXMVESPORTSMULTIGAMEEXTENDED-S20266E6114ABBAA-AEC43D4853E: no probability
2026-06-24 06:10:00,552 WARNING prediction_market_engine.normalization.canonical_market: Skipping kalshi market KXMVESPORTSMULTIGAMEEXTENDED-S2026D62A5E89C2F-37CF1EBD573: no probability
2026-06-24 06:10:00,552 WARNING prediction_market_engine.normalization.canonical_market: Skipping kalshi market KXMVESPORTSMULTIGAMEEXTENDED-S2026EDA25D0E107-C3A7F3468B2: no probability
2026-06-24 06:10:00,552 WARNING prediction_market_engine.normalization.canonical_market: Skipping kalshi market KXMVESPORTSMULTIGAMEEXTENDED-S2026F2A4F0FD7A6-7D83DF8CF11: no probability
2026-06-24 06:10:00,552 WARNING prediction_market_engine.normalization.canonical_market: Skipping kalshi market KXMVESPORTSMULTIGAMEEXTENDED-S20267B9DCB76AC1-A8E96935745: no probability
2026-06-24 06:10:00,552 WARNING prediction_market_engine.normalization.canonical_market: Skipping kalshi market KXMVESPORTSMULTIGAMEEXTENDED-S2026B8E6654EB16-BD902E51109: no probability
2026-06-24 06:10:00,552 WARNING prediction_market_engine.normalization.canonical_market: Skipping kalshi market KXMVESPORTSMULTIGAMEEXTENDED-S2026AFA51DA1CD7-CF3720570C6: no probability
2026-06-24 06:10:00,552 WARNING prediction_market_engine.normalization.canonical_market: Skipping kalshi market KXMVESPORTSMULTIGAMEEXTENDED-S2026067A60A4185-17701DC3468: no probability
2026-06-24 06:10:00,552 WARNING prediction_market_engine.normalization.canonical_market: Skipping kalshi market KXMVESPORTSMULTIGAMEEXTENDED-S2026C7D54440287-75F9EA2371F: no probability
2026-06-24 06:10:00,552 WARNING prediction_market_engine.normalization.canonical_market: Skipping kalshi market KXMVESPORTSMULTIGAMEEXTENDED-S2026AB614871A4A-3F5FF238CE0: no probability
2026-06-24 06:10:00,552 WARNING prediction_market_engine.normalization.canonical_market: Skipping kalshi market KXMVECROSSCATEGORY-S202688338F2257A-AF655DC8224: no probability
2026-06-24 06:10:00,552 WARNING prediction_market_engine.normalization.canonical_market: Skipping kalshi market KXMVESPORTSMULTIGAMEEXTENDED-S202637F7D828EDD-E34730C7935: no probability
2026-06-24 06:10:00,552 WARNING prediction_market_engine.normalization.canonical_market: Skipping kalshi market KXMVESPORTSMULTIGAMEEXTENDED-S2026245DD8A2143-2D233AD6163: no probability
2026-06-24 06:10:00,552 WARNING prediction_market_engine.normalization.canonical_market: Skipping kalshi market KXMVESPORTSMULTIGAMEEXTENDED-S20265EBAE73B85F-72E96E185A0: no probability
2026-06-24 06:10:00,552 WARNING prediction_market_engine.normalization.canonical_market: Skipping kalshi market KXMVESPORTSMULTIGAMEEXTENDED-S202656EB78020E8-C881328DC5E: no probability
2026-06-24 06:10:00,552 WARNING prediction_market_engine.normalization.canonical_market: Skipping kalshi market KXMVESPORTSMULTIGAMEEXTENDED-S2026D214D58DE98-8D9E1C18267: no probability
2026-06-24 06:10:00,552 WARNING prediction_market_engine.normalization.canonical_market: Skipping kalshi market KXMVESPORTSMULTIGAMEEXTENDED-S202633293866E16-A5FDAE372D5: no probability
2026-06-24 06:10:00,552 WARNING prediction_market_engine.normalization.canonical_market: Skipping kalshi market KXMVESPORTSMULTIGAMEEXTENDED-S202631C1EBCF532-F85C33B27C5: no probability
2026-06-24 06:10:00,552 WARNING prediction_market_engine.normalization.canonical_market: Skipping kalshi market KXMVESPORTSMULTIGAMEEXTENDED-S20269EA94FEEA4B-990456C8F81: no probability
2026-06-24 06:10:00,552 WARNING prediction_market_engine.normalization.canonical_market: Skipping kalshi market KXMVESPORTSMULTIGAMEEXTENDED-S2026B9F8D976BB1-4F82FB90F78: no probability
2026-06-24 06:10:00,552 WARNING prediction_market_engine.normalization.canonical_market: Skipping kalshi market KXMVESPORTSMULTIGAMEEXTENDED-S20261221933EDFC-8F4EB44ABE0: no probability
2026-06-24 06:10:00,552 WARNING prediction_market_engine.normalization.canonical_market: Skipping kalshi market KXMVESPORTSMULTIGAMEEXTENDED-S202632DA09812D4-76CCCB03892: no probability
2026-06-24 06:10:00,552 WARNING prediction_market_engine.normalization.canonical_market: Skipping kalshi market KXMVECROSSCATEGORY-S202606C6504BE96-65FA194F778: no probability
2026-06-24 06:10:00,552 WARNING prediction_market_engine.normalization.canonical_market: Skipping kalshi market KXMVESPORTSMULTIGAMEEXTENDED-S20265FB2CAEE4B7-82461E01159: no probability
2026-06-24 06:10:00,552 WARNING prediction_market_engine.normalization.canonical_market: Skipping kalshi market KXMVESPORTSMULTIGAMEEXTENDED-S2026151D1296D5D-F8BBE5BFA9D: no probability
2026-06-24 06:10:00,553 WARNING prediction_market_engine.normalization.canonical_market: Skipping kalshi market KXMVESPORTSMULTIGAMEEXTENDED-S2026D62A5E89C2F-7834135FF25: no probability
2026-06-24 06:10:00,553 WARNING prediction_market_engine.normalization.canonical_market: Skipping kalshi market KXMVESPORTSMULTIGAMEEXTENDED-S20261DF7C8D620C-073C5541E09: no probability
2026-06-24 06:10:00,553 WARNING prediction_market_engine.normalization.canonical_market: Skipping kalshi market KXMVESPORTSMULTIGAMEEXTENDED-S20261C233A4AE97-C0AB909CF8D: no probability
2026-06-24 06:10:00,553 WARNING prediction_market_engine.normalization.canonical_market: Skipping kalshi market KXMVESPORTSMULTIGAMEEXTENDED-S2026D8A5486D418-5E730740382: no probability
2026-06-24 06:10:00,553 WARNING prediction_market_engine.normalization.canonical_market: Skipping kalshi market KXMVESPORTSMULTIGAMEEXTENDED-S2026F5E8ADD64D9-801498D08B1: no probability
2026-06-24 06:10:00,553 WARNING prediction_market_engine.normalization.canonical_market: Skipping kalshi market KXMVESPORTSMULTIGAMEEXTENDED-S20261421FFDD8BA-14255F220F8: no probability
2026-06-24 06:10:00,553 WARNING prediction_market_engine.normalization.canonical_market: Skipping kalshi market KXMVESPORTSMULTIGAMEEXTENDED-S2026A9A053703EA-C187A30D57D: no probability
2026-06-24 06:10:00,553 WARNING prediction_market_engine.normalization.canonical_market: Skipping kalshi market KXMVESPORTSMULTIGAMEEXTENDED-S2026E4487A8FF98-C0C9F6386F0: no probability
2026-06-24 06:10:00,553 WARNING prediction_market_engine.normalization.canonical_market: Skipping kalshi market KXMVESPORTSMULTIGAMEEXTENDED-S20266F29489D815-CCC89D06A61: no probability
2026-06-24 06:10:00,553 WARNING prediction_market_engine.normalization.canonical_market: Skipping kalshi market KXMVESPORTSMULTIGAMEEXTENDED-S2026BC77C18A7F1-B6BD371D17A: no probability
2026-06-24 06:10:00,553 WARNING prediction_market_engine.normalization.canonical_market: Skipping kalshi market KXMVESPORTSMULTIGAMEEXTENDED-S20266DEB2904012-0DC892507B0: no probability
2026-06-24 06:10:00,553 WARNING prediction_market_engine.normalization.canonical_market: Skipping kalshi market KXMVESPORTSMULTIGAMEEXTENDED-S2026ECD1A1FFFC1-00AFCA0C6F9: no probability
2026-06-24 06:10:00,553 WARNING prediction_market_engine.normalization.canonical_market: Skipping kalshi market KXMVESPORTSMULTIGAMEEXTENDED-S2026ECF8E307B19-DBDF1FE779B: no probability
2026-06-24 06:10:00,553 WARNING prediction_market_engine.normalization.canonical_market: Skipping kalshi market KXMVESPORTSMULTIGAMEEXTENDED-S2026CE440DCDE72-FFBFEB59B92: no probability
2026-06-24 06:10:00,553 WARNING prediction_market_engine.normalization.canonical_market: Skipping kalshi market KXMVECROSSCATEGORY-S20267005F4858A6-02772B19B88: no probability
2026-06-24 06:10:00,553 WARNING prediction_market_engine.normalization.canonical_market: Skipping kalshi market KXMVESPORTSMULTIGAMEEXTENDED-S2026CD6E93264EA-AF12AAB9D24: no probability
2026-06-24 06:10:00,553 WARNING prediction_market_engine.normalization.canonical_market: Skipping kalshi market KXMVESPORTSMULTIGAMEEXTENDED-S2026EF83553DE9A-69522DFD858: no probability
2026-06-24 06:10:00,553 WARNING prediction_market_engine.normalization.canonical_market: Skipping kalshi market KXMVESPORTSMULTIGAMEEXTENDED-S2026B571807C288-F0E4362EAAB: no probability
2026-06-24 06:10:00,553 WARNING prediction_market_engine.normalization.canonical_market: Skipping kalshi market KXMVESPORTSMULTIGAMEEXTENDED-S20264160E1F579B-5C557BAE442: no probability
2026-06-24 06:10:00,553 WARNING prediction_market_engine.normalization.canonical_market: Skipping kalshi market KXMVECROSSCATEGORY-S2026A75D8E9A074-B52DB417F69: no probability
2026-06-24 06:10:00,553 WARNING prediction_market_engine.normalization.canonical_market: Skipping kalshi market KXMVESPORTSMULTIGAMEEXTENDED-S20264981BB2EE80-5B16FC642E5: no probability
2026-06-24 06:10:00,553 WARNING prediction_market_engine.normalization.canonical_market: Skipping kalshi market KXMVESPORTSMULTIGAMEEXTENDED-S2026D7771FEFDE4-0D783F976DF: no probability
2026-06-24 06:10:00,553 WARNING prediction_market_engine.normalization.canonical_market: Skipping kalshi market KXMVESPORTSMULTIGAMEEXTENDED-S2026D79BF61BD6F-1E65C7A14AA: no probability
2026-06-24 06:10:00,553 WARNING prediction_market_engine.normalization.canonical_market: Skipping kalshi market KXMVESPORTSMULTIGAMEEXTENDED-S20262AE15B5A775-E16B271807B: no probability
2026-06-24 06:10:00,553 WARNING prediction_market_engine.normalization.canonical_market: Skipping kalshi market KXMVESPORTSMULTIGAMEEXTENDED-S20265B6EE32C57C-A9EAB86D443: no probability
2026-06-24 06:10:00,553 WARNING prediction_market_engine.normalization.canonical_market: Skipping kalshi market KXMVESPORTSMULTIGAMEEXTENDED-S2026ADAEE2A5EC3-D02140FA3A8: no probability
2026-06-24 06:10:00,553 WARNING prediction_market_engine.normalization.canonical_market: Skipping kalshi market KXMVESPORTSMULTIGAMEEXTENDED-S2026C1C4E8FA9AD-9A0FAE5BA80: no probability
2026-06-24 06:10:00,553 WARNING prediction_market_engine.normalization.canonical_market: Skipping kalshi market KXMVESPORTSMULTIGAMEEXTENDED-S2026C4685F53B5A-E1ECA90E80A: no probability
2026-06-24 06:10:00,553 WARNING prediction_market_engine.normalization.canonical_market: Skipping kalshi market KXMVECROSSCATEGORY-S2026AC82DD3430E-4CB02F25354: no probability
2026-06-24 06:10:00,553 WARNING prediction_market_engine.normalization.canonical_market: Skipping kalshi market KXMVESPORTSMULTIGAMEEXTENDED-S2026142A32CD207-01C7476D9F6: no probability
2026-06-24 06:10:00,553 WARNING prediction_market_engine.normalization.canonical_market: Skipping kalshi market KXMVESPORTSMULTIGAMEEXTENDED-S2026BAE2B63D063-0F0DECA1259: no probability
2026-06-24 06:10:00,553 WARNING prediction_market_engine.normalization.canonical_market: Skipping kalshi market KXMVESPORTSMULTIGAMEEXTENDED-S202607EC61FFE1D-B6F7A14BD0E: no probability
2026-06-24 06:10:00,553 WARNING prediction_market_engine.normalization.canonical_market: Skipping kalshi market KXMVESPORTSMULTIGAMEEXTENDED-S2026A9E58E3D980-E4C495FC1A1: no probability
2026-06-24 06:10:00,553 WARNING prediction_market_engine.normalization.canonical_market: Skipping kalshi market KXMVESPORTSMULTIGAMEEXTENDED-S2026CE440DCDE72-1D918AFF6F5: no probability
2026-06-24 06:10:00,553 WARNING prediction_market_engine.normalization.canonical_market: Skipping kalshi market KXMVESPORTSMULTIGAMEEXTENDED-S20265F41791C4BE-51BDCEE58E4: no probability
2026-06-24 06:10:00,553 WARNING prediction_market_engine.normalization.canonical_market: Skipping kalshi market KXMVESPORTSMULTIGAMEEXTENDED-S202605284990292-63AD911A261: no probability
2026-06-24 06:10:00,611 INFO httpx: HTTP Request: GET https://gamma-api.polymarket.com/markets?active=true&limit=100 "HTTP/1.1 200 OK"
2026-06-24 06:10:00,620 INFO prediction_market_engine.normalization.matcher: Matched 0 cross-venue pairs from 105 markets
2026-06-24 06:10:00,620 INFO prediction_market_engine.engine: Poll complete: 105 markets, 0 pairs, 0 opportunities
2026-06-24 06:10:00,621 INFO apscheduler.scheduler: Adding job tentatively -- it will be properly scheduled when the scheduler starts
2026-06-24 06:10:00,621 INFO apscheduler.scheduler: Added job "PredictionMarketEngine.poll" to job store "default"
2026-06-24 06:10:00,621 INFO apscheduler.scheduler: Scheduler started
2026-06-24 06:10:00,621 INFO prediction_market_engine.app: Scheduler started (every 300s)
INFO:     Application startup complete.
INFO:     Uvicorn running on http://0.0.0.0:8080 (Press CTRL+C to quit)
2026-06-24 06:10:03,010 INFO httpx: HTTP Request: GET https://api.elections.kalshi.com/trade-api/v2/markets?limit=1 "HTTP/1.1 200 OK"
2026-06-24 06:10:03,073 INFO httpx: HTTP Request: GET https://gamma-api.polymarket.com/markets?limit=1 "HTTP/1.1 200 OK"
INFO:     127.0.0.1:51172 - "GET /health HTTP/1.1" 200 OK
INFO:     127.0.0.1:51239 - "GET /opportunities?min_score=75&min_difference_pct_points=5.0&limit=10 HTTP/1.1" 200 OK
2026-06-24 06:15:00,690 INFO apscheduler.executors.default: Running job "PredictionMarketEngine.poll (trigger: interval[0:05:00], next run at: 2026-06-24 06:15:00 EDT)" (scheduled at 2026-06-24 06:15:00.621526-04:00)
2026-06-24 06:15:00,692 INFO prediction_market_engine.engine: Starting poll cycle (mock=False)
2026-06-24 06:15:00,825 INFO httpx: HTTP Request: GET https://api.elections.kalshi.com/trade-api/v2/markets?limit=100&status=open "HTTP/1.1 200 OK"
2026-06-24 06:15:00,872 WARNING prediction_market_engine.normalization.canonical_market: Skipping kalshi market KXMVESPORTSMULTIGAMEEXTENDED-S2026ACD45AB27E6-976CFB24838: no probability
2026-06-24 06:15:00,872 WARNING prediction_market_engine.normalization.canonical_market: Skipping kalshi market KXMVESPORTSMULTIGAMEEXTENDED-S2026A71F16EDC00-01EDCCF7FFA: no probability
2026-06-24 06:15:00,872 WARNING prediction_market_engine.normalization.canonical_market: Skipping kalshi market KXMVESPORTSMULTIGAMEEXTENDED-S2026275FCA1CADC-265FC37863A: no probability
2026-06-24 06:15:00,872 WARNING prediction_market_engine.normalization.canonical_market: Skipping kalshi market KXMVESPORTSMULTIGAMEEXTENDED-S202687DC0AD9B11-C4CFFFB8A56: no probability
2026-06-24 06:15:00,872 WARNING prediction_market_engine.normalization.canonical_market: Skipping kalshi market KXMVECROSSCATEGORY-S20262DB834C58F0-92A3D72989B: no probability
2026-06-24 06:15:00,872 WARNING prediction_market_engine.normalization.canonical_market: Skipping kalshi market KXMVESPORTSMULTIGAMEEXTENDED-S2026C5A0AABCADE-CF8B8B6397E: no probability
2026-06-24 06:15:00,873 WARNING prediction_market_engine.normalization.canonical_market: Skipping kalshi market KXMVECROSSCATEGORY-S20260C65F4F0E32-184738672FA: no probability
2026-06-24 06:15:00,873 WARNING prediction_market_engine.normalization.canonical_market: Skipping kalshi market KXMVESPORTSMULTIGAMEEXTENDED-S2026A9D9F4AAC92-776BD4CEAE0: no probability
2026-06-24 06:15:00,873 WARNING prediction_market_engine.normalization.canonical_market: Skipping kalshi market KXMVECROSSCATEGORY-S20260ADB9DD87DF-AB1DA852B22: no probability
2026-06-24 06:15:00,873 WARNING prediction_market_engine.normalization.canonical_market: Skipping kalshi market KXMVESPORTSMULTIGAMEEXTENDED-S2026843F23B1BB2-17F3EB01668: no probability
2026-06-24 06:15:00,873 WARNING prediction_market_engine.normalization.canonical_market: Skipping kalshi market KXMVESPORTSMULTIGAMEEXTENDED-S202613B642A7B85-16728ADBB2C: no probability
2026-06-24 06:15:00,873 WARNING prediction_market_engine.normalization.canonical_market: Skipping kalshi market KXMVESPORTSMULTIGAMEEXTENDED-S202657C57F99C40-205B5C8F6B2: no probability
2026-06-24 06:15:00,873 WARNING prediction_market_engine.normalization.canonical_market: Skipping kalshi market KXMVESPORTSMULTIGAMEEXTENDED-S20261C1EC1B75DF-A17FA79F151: no probability
2026-06-24 06:15:00,873 WARNING prediction_market_engine.normalization.canonical_market: Skipping kalshi market KXMVESPORTSMULTIGAMEEXTENDED-S2026A7391F87084-10ABA226C64: no probability
2026-06-24 06:15:00,873 WARNING prediction_market_engine.normalization.canonical_market: Skipping kalshi market KXMVECROSSCATEGORY-S20261C0E49E2331-3D6CB95B4A4: no probability
2026-06-24 06:15:00,874 WARNING prediction_market_engine.normalization.canonical_market: Skipping kalshi market KXMVESPORTSMULTIGAMEEXTENDED-S2026E114B412F0C-B473EABF3B7: no probability
2026-06-24 06:15:00,874 WARNING prediction_market_engine.normalization.canonical_market: Skipping kalshi market KXMVESPORTSMULTIGAMEEXTENDED-S202612238B6F4B3-E9B9E306207: no probability
2026-06-24 06:15:00,874 WARNING prediction_market_engine.normalization.canonical_market: Skipping kalshi market KXMVESPORTSMULTIGAMEEXTENDED-S202651B208A1B94-17011FFBAB3: no probability
2026-06-24 06:15:00,874 WARNING prediction_market_engine.normalization.canonical_market: Skipping kalshi market KXMVECROSSCATEGORY-S2026CC820F5CDA7-0210DC762E0: no probability
2026-06-24 06:15:00,874 WARNING prediction_market_engine.normalization.canonical_market: Skipping kalshi market KXMVESPORTSMULTIGAMEEXTENDED-S202647F5E125B14-FA864699851: no probability
2026-06-24 06:15:00,874 WARNING prediction_market_engine.normalization.canonical_market: Skipping kalshi market KXMVESPORTSMULTIGAMEEXTENDED-S202634550777F3F-44BCDFD7C80: no probability
2026-06-24 06:15:00,874 WARNING prediction_market_engine.normalization.canonical_market: Skipping kalshi market KXMVESPORTSMULTIGAMEEXTENDED-S2026FE6A8F5820E-5FAFEECC438: no probability
2026-06-24 06:15:00,874 WARNING prediction_market_engine.normalization.canonical_market: Skipping kalshi market KXMVESPORTSMULTIGAMEEXTENDED-S2026E5A777EC0C5-5F22F03EB2A: no probability
2026-06-24 06:15:00,874 WARNING prediction_market_engine.normalization.canonical_market: Skipping kalshi market KXMVESPORTSMULTIGAMEEXTENDED-S2026B5E14E20973-9AD9DA17FBF: no probability
2026-06-24 06:15:00,874 WARNING prediction_market_engine.normalization.canonical_market: Skipping kalshi market KXMVESPORTSMULTIGAMEEXTENDED-S20264C8D5581F64-CCC4B4B3A2D: no probability
2026-06-24 06:15:00,874 WARNING prediction_market_engine.normalization.canonical_market: Skipping kalshi market KXMVESPORTSMULTIGAMEEXTENDED-S20261B45515CFE1-876E517320B: no probability
2026-06-24 06:15:00,874 WARNING prediction_market_engine.normalization.canonical_market: Skipping kalshi market KXMVESPORTSMULTIGAMEEXTENDED-S2026E5AA91464CF-36D1C0394EB: no probability
2026-06-24 06:15:00,875 WARNING prediction_market_engine.normalization.canonical_market: Skipping kalshi market KXMVESPORTSMULTIGAMEEXTENDED-S2026DB029F8ED4D-A12264B1419: no probability
2026-06-24 06:15:00,875 WARNING prediction_market_engine.normalization.canonical_market: Skipping kalshi market KXMVECROSSCATEGORY-S202699B5AE3D00F-3DCD2FE068B: no probability
2026-06-24 06:15:00,875 WARNING prediction_market_engine.normalization.canonical_market: Skipping kalshi market KXMVESPORTSMULTIGAMEEXTENDED-S20267306BF2C5FB-EAFA86A49E8: no probability
2026-06-24 06:15:00,875 WARNING prediction_market_engine.normalization.canonical_market: Skipping kalshi market KXMVESPORTSMULTIGAMEEXTENDED-S2026F4A0087496A-96024E3EEC8: no probability
2026-06-24 06:15:00,875 WARNING prediction_market_engine.normalization.canonical_market: Skipping kalshi market KXMVECROSSCATEGORY-S20265BA31790273-35D892FF22F: no probability
2026-06-24 06:15:00,875 WARNING prediction_market_engine.normalization.canonical_market: Skipping kalshi market KXMVECROSSCATEGORY-S2026D6F7BA7306B-727580F354F: no probability
2026-06-24 06:15:00,875 WARNING prediction_market_engine.normalization.canonical_market: Skipping kalshi market KXMVESPORTSMULTIGAMEEXTENDED-S2026F5F19B8490D-D327E2F610F: no probability
2026-06-24 06:15:00,875 WARNING prediction_market_engine.normalization.canonical_market: Skipping kalshi market KXMVESPORTSMULTIGAMEEXTENDED-S20260693F5AEDA2-D2B7B5AF0AC: no probability
2026-06-24 06:15:00,876 WARNING prediction_market_engine.normalization.canonical_market: Skipping kalshi market KXMVESPORTSMULTIGAMEEXTENDED-S202632ECAE5820A-22CCF5999E2: no probability
2026-06-24 06:15:00,876 WARNING prediction_market_engine.normalization.canonical_market: Skipping kalshi market KXMVESPORTSMULTIGAMEEXTENDED-S202684426EB8148-D482C8C6725: no probability
2026-06-24 06:15:00,876 WARNING prediction_market_engine.normalization.canonical_market: Skipping kalshi market KXMVESPORTSMULTIGAMEEXTENDED-S202603E66B47778-A3EEDFFB091: no probability
2026-06-24 06:15:00,876 WARNING prediction_market_engine.normalization.canonical_market: Skipping kalshi market KXMVESPORTSMULTIGAMEEXTENDED-S2026FBBE77D2884-B69362CC565: no probability
2026-06-24 06:15:00,876 WARNING prediction_market_engine.normalization.canonical_market: Skipping kalshi market KXMVESPORTSMULTIGAMEEXTENDED-S2026AE930D86995-733ECC9F9C1: no probability
2026-06-24 06:15:00,877 WARNING prediction_market_engine.normalization.canonical_market: Skipping kalshi market KXMVESPORTSMULTIGAMEEXTENDED-S2026BE4A7438B94-E62478B84E7: no probability
2026-06-24 06:15:00,877 WARNING prediction_market_engine.normalization.canonical_market: Skipping kalshi market KXMVESPORTSMULTIGAMEEXTENDED-S202603A36A55225-ABABABEF41F: no probability
2026-06-24 06:15:00,877 WARNING prediction_market_engine.normalization.canonical_market: Skipping kalshi market KXMVESPORTSMULTIGAMEEXTENDED-S202647DBE28D154-86C3BE7E4DA: no probability
2026-06-24 06:15:00,877 WARNING prediction_market_engine.normalization.canonical_market: Skipping kalshi market KXMVESPORTSMULTIGAMEEXTENDED-S202658CDC33465C-CF32E3250E2: no probability
2026-06-24 06:15:00,877 WARNING prediction_market_engine.normalization.canonical_market: Skipping kalshi market KXMVESPORTSMULTIGAMEEXTENDED-S202683A1FD61297-3862A2B36F7: no probability
2026-06-24 06:15:00,877 WARNING prediction_market_engine.normalization.canonical_market: Skipping kalshi market KXMVESPORTSMULTIGAMEEXTENDED-S20265E0B8CC86BD-0FE2A081A2A: no probability
2026-06-24 06:15:00,877 WARNING prediction_market_engine.normalization.canonical_market: Skipping kalshi market KXMVECROSSCATEGORY-S20260DD10034B7D-E77B65BDFA3: no probability
2026-06-24 06:15:00,877 WARNING prediction_market_engine.normalization.canonical_market: Skipping kalshi market KXMVESPORTSMULTIGAMEEXTENDED-S202621A0C3DE084-F66FEE841DB: no probability
2026-06-24 06:15:00,877 WARNING prediction_market_engine.normalization.canonical_market: Skipping kalshi market KXMVECROSSCATEGORY-S20268979A4C9077-268F7DDF559: no probability
2026-06-24 06:15:00,877 WARNING prediction_market_engine.normalization.canonical_market: Skipping kalshi market KXMVESPORTSMULTIGAMEEXTENDED-S2026DC0C5EF9DC9-20068BD0F15: no probability
2026-06-24 06:15:00,877 WARNING prediction_market_engine.normalization.canonical_market: Skipping kalshi market KXMVESPORTSMULTIGAMEEXTENDED-S20267802AD907CC-81C4B999791: no probability
2026-06-24 06:15:00,877 WARNING prediction_market_engine.normalization.canonical_market: Skipping kalshi market KXMVESPORTSMULTIGAMEEXTENDED-S202668C7BFC993B-F0287BDC23B: no probability
2026-06-24 06:15:00,877 WARNING prediction_market_engine.normalization.canonical_market: Skipping kalshi market KXMVESPORTSMULTIGAMEEXTENDED-S20261C9B29CFCEA-9B69F085A50: no probability
2026-06-24 06:15:00,878 WARNING prediction_market_engine.normalization.canonical_market: Skipping kalshi market KXMVESPORTSMULTIGAMEEXTENDED-S2026BE8F7719F9C-67A0CFCD848: no probability
2026-06-24 06:15:00,878 WARNING prediction_market_engine.normalization.canonical_market: Skipping kalshi market KXMVESPORTSMULTIGAMEEXTENDED-S20261429C991F34-12CE3F41FC7: no probability
2026-06-24 06:15:00,878 WARNING prediction_market_engine.normalization.canonical_market: Skipping kalshi market KXMVESPORTSMULTIGAMEEXTENDED-S202640417AB6F74-A0B08BB370B: no probability
2026-06-24 06:15:00,878 WARNING prediction_market_engine.normalization.canonical_market: Skipping kalshi market KXMVESPORTSMULTIGAMEEXTENDED-S20263798FDFD1F0-90232E43E8C: no probability
2026-06-24 06:15:00,878 WARNING prediction_market_engine.normalization.canonical_market: Skipping kalshi market KXMVECROSSCATEGORY-S2026067D862ECA7-E8AE6867A5D: no probability
2026-06-24 06:15:00,878 WARNING prediction_market_engine.normalization.canonical_market: Skipping kalshi market KXMVECROSSCATEGORY-S202639CB43FD002-97DD150B3FC: no probability
2026-06-24 06:15:00,878 WARNING prediction_market_engine.normalization.canonical_market: Skipping kalshi market KXMVESPORTSMULTIGAMEEXTENDED-S2026A5B04260AEB-CF426C7A006: no probability
2026-06-24 06:15:00,878 WARNING prediction_market_engine.normalization.canonical_market: Skipping kalshi market KXMVESPORTSMULTIGAMEEXTENDED-S20260781E7460E7-0950865AF96: no probability
2026-06-24 06:15:00,878 WARNING prediction_market_engine.normalization.canonical_market: Skipping kalshi market KXMVESPORTSMULTIGAMEEXTENDED-S2026ED42EDB9BD2-87D110E86E3: no probability
2026-06-24 06:15:00,878 WARNING prediction_market_engine.normalization.canonical_market: Skipping kalshi market KXMVESPORTSMULTIGAMEEXTENDED-S202672F88DFCAB2-C1DAB3297F1: no probability
2026-06-24 06:15:00,878 WARNING prediction_market_engine.normalization.canonical_market: Skipping kalshi market KXMVESPORTSMULTIGAMEEXTENDED-S20266834A5E388B-26B038EEABD: no probability
2026-06-24 06:15:00,878 WARNING prediction_market_engine.normalization.canonical_market: Skipping kalshi market KXMVESPORTSMULTIGAMEEXTENDED-S20266E2F6E76AC1-43CB74E7F30: no probability
2026-06-24 06:15:00,878 WARNING prediction_market_engine.normalization.canonical_market: Skipping kalshi market KXMVESPORTSMULTIGAMEEXTENDED-S2026F0D3C6960E1-C2DF43DF823: no probability
2026-06-24 06:15:00,878 WARNING prediction_market_engine.normalization.canonical_market: Skipping kalshi market KXMVESPORTSMULTIGAMEEXTENDED-S2026E5AA91464CF-925B1729895: no probability
2026-06-24 06:15:00,879 WARNING prediction_market_engine.normalization.canonical_market: Skipping kalshi market KXMVESPORTSMULTIGAMEEXTENDED-S2026045C2916062-47CD91A4D7D: no probability
2026-06-24 06:15:00,879 WARNING prediction_market_engine.normalization.canonical_market: Skipping kalshi market KXMVESPORTSMULTIGAMEEXTENDED-S2026008B79C7249-AECE47EF23C: no probability
2026-06-24 06:15:00,879 WARNING prediction_market_engine.normalization.canonical_market: Skipping kalshi market KXMVESPORTSMULTIGAMEEXTENDED-S20268E955396801-EDF814F2CE2: no probability
2026-06-24 06:15:00,879 WARNING prediction_market_engine.normalization.canonical_market: Skipping kalshi market KXMVESPORTSMULTIGAMEEXTENDED-S202661D36EBD54A-427BDDA3145: no probability
2026-06-24 06:15:00,879 WARNING prediction_market_engine.normalization.canonical_market: Skipping kalshi market KXMVESPORTSMULTIGAMEEXTENDED-S20261235CA1ADB4-74D6061B040: no probability
2026-06-24 06:15:00,879 WARNING prediction_market_engine.normalization.canonical_market: Skipping kalshi market KXMVESPORTSMULTIGAMEEXTENDED-S20268655BB93981-0A88AE40691: no probability
2026-06-24 06:15:00,879 WARNING prediction_market_engine.normalization.canonical_market: Skipping kalshi market KXMVESPORTSMULTIGAMEEXTENDED-S2026FC07D3C414F-9CCA548FF36: no probability
2026-06-24 06:15:00,879 WARNING prediction_market_engine.normalization.canonical_market: Skipping kalshi market KXMVESPORTSMULTIGAMEEXTENDED-S2026B34B27CBBE0-BE7BCB1601A: no probability
2026-06-24 06:15:00,879 WARNING prediction_market_engine.normalization.canonical_market: Skipping kalshi market KXMVESPORTSMULTIGAMEEXTENDED-S20264E5AB6B9386-99DA0A97524: no probability
2026-06-24 06:15:00,879 WARNING prediction_market_engine.normalization.canonical_market: Skipping kalshi market KXMVESPORTSMULTIGAMEEXTENDED-S2026EE55813A339-9F0E8E83418: no probability
2026-06-24 06:15:00,879 WARNING prediction_market_engine.normalization.canonical_market: Skipping kalshi market KXMVESPORTSMULTIGAMEEXTENDED-S2026F4FE6B91C14-63CAA0E011C: no probability
2026-06-24 06:15:00,879 WARNING prediction_market_engine.normalization.canonical_market: Skipping kalshi market KXMVESPORTSMULTIGAMEEXTENDED-S202604B75AA8127-36A48D5A17A: no probability
2026-06-24 06:15:00,879 WARNING prediction_market_engine.normalization.canonical_market: Skipping kalshi market KXMVESPORTSMULTIGAMEEXTENDED-S2026E5C476DE75A-41D8C612FF7: no probability
2026-06-24 06:15:00,879 WARNING prediction_market_engine.normalization.canonical_market: Skipping kalshi market KXMVESPORTSMULTIGAMEEXTENDED-S2026EB50C40B907-B801283376A: no probability
2026-06-24 06:15:00,879 WARNING prediction_market_engine.normalization.canonical_market: Skipping kalshi market KXMVESPORTSMULTIGAMEEXTENDED-S2026FBBE77D2884-CBB603290D6: no probability
2026-06-24 06:15:00,879 WARNING prediction_market_engine.normalization.canonical_market: Skipping kalshi market KXMVESPORTSMULTIGAMEEXTENDED-S2026615A101EC10-EBEA142C4CE: no probability
2026-06-24 06:15:00,880 WARNING prediction_market_engine.normalization.canonical_market: Skipping kalshi market KXMVESPORTSMULTIGAMEEXTENDED-S20263AE91E9F5A6-0660AAD030B: no probability
2026-06-24 06:15:00,880 WARNING prediction_market_engine.normalization.canonical_market: Skipping kalshi market KXMVECROSSCATEGORY-S2026F3774882473-618A8626688: no probability
2026-06-24 06:15:00,880 WARNING prediction_market_engine.normalization.canonical_market: Skipping kalshi market KXMVECROSSCATEGORY-S202698F71BA338D-5B4F0ABC419: no probability
2026-06-24 06:15:00,880 WARNING prediction_market_engine.normalization.canonical_market: Skipping kalshi market KXMVESPORTSMULTIGAMEEXTENDED-S20265D60D37543D-AAD0EB2EF9E: no probability
2026-06-24 06:15:00,880 WARNING prediction_market_engine.normalization.canonical_market: Skipping kalshi market KXMVESPORTSMULTIGAMEEXTENDED-S2026C0E5258026E-8C979AA9FF4: no probability
2026-06-24 06:15:00,880 WARNING prediction_market_engine.normalization.canonical_market: Skipping kalshi market KXMVESPORTSMULTIGAMEEXTENDED-S20262D12079B971-C60EB165C0A: no probability
2026-06-24 06:15:00,880 WARNING prediction_market_engine.normalization.canonical_market: Skipping kalshi market KXMVESPORTSMULTIGAMEEXTENDED-S2026BB908039747-C59B35E963F: no probability
2026-06-24 06:15:00,880 WARNING prediction_market_engine.normalization.canonical_market: Skipping kalshi market KXMVESPORTSMULTIGAMEEXTENDED-S202605A1542E2EA-917F0AA7E4A: no probability
2026-06-24 06:15:00,880 WARNING prediction_market_engine.normalization.canonical_market: Skipping kalshi market KXMVESPORTSMULTIGAMEEXTENDED-S20261ACD0D1351F-E99D5C6C291: no probability
2026-06-24 06:15:00,880 WARNING prediction_market_engine.normalization.canonical_market: Skipping kalshi market KXMVESPORTSMULTIGAMEEXTENDED-S20269F5B8AFC336-3F090E6C9DF: no probability
2026-06-24 06:15:00,880 WARNING prediction_market_engine.normalization.canonical_market: Skipping kalshi market KXMVECROSSCATEGORY-S20261C0E49E2331-994B3B0FCE9: no probability
2026-06-24 06:15:00,975 INFO httpx: HTTP Request: GET https://gamma-api.polymarket.com/markets?active=true&limit=100 "HTTP/1.1 200 OK"
2026-06-24 06:15:01,004 INFO prediction_market_engine.normalization.matcher: Matched 0 cross-venue pairs from 106 markets
2026-06-24 06:15:01,006 INFO prediction_market_engine.engine: Poll complete: 106 markets, 0 pairs, 0 opportunities
2026-06-24 06:15:01,006 INFO apscheduler.executors.default: Job "PredictionMarketEngine.poll (trigger: interval[0:05:00], next run at: 2026-06-24 06:20:00 EDT)" executed successfully
2026-06-24 06:20:00,697 INFO apscheduler.executors.default: Running job "PredictionMarketEngine.poll (trigger: interval[0:05:00], next run at: 2026-06-24 06:25:00 EDT)" (scheduled at 2026-06-24 06:20:00.621526-04:00)
2026-06-24 06:20:00,702 INFO prediction_market_engine.engine: Starting poll cycle (mock=False)
2026-06-24 06:20:00,789 INFO httpx: HTTP Request: GET https://api.elections.kalshi.com/trade-api/v2/markets?limit=100&status=open "HTTP/1.1 200 OK"
2026-06-24 06:20:00,833 WARNING prediction_market_engine.normalization.canonical_market: Skipping kalshi market KXMVECROSSCATEGORY-S20267FAB40B50D4-3A308C72F43: no probability
2026-06-24 06:20:00,833 WARNING prediction_market_engine.normalization.canonical_market: Skipping kalshi market KXMVESPORTSMULTIGAMEEXTENDED-S2026F298831F7E4-284FEF7BEE3: no probability
2026-06-24 06:20:00,834 WARNING prediction_market_engine.normalization.canonical_market: Skipping kalshi market KXMVESPORTSMULTIGAMEEXTENDED-S2026AEE39F8C906-10589DAB126: no probability
2026-06-24 06:20:00,834 WARNING prediction_market_engine.normalization.canonical_market: Skipping kalshi market KXMVESPORTSMULTIGAMEEXTENDED-S20260B76713AFE2-9369495C457: no probability
2026-06-24 06:20:00,834 WARNING prediction_market_engine.normalization.canonical_market: Skipping kalshi market KXMVESPORTSMULTIGAMEEXTENDED-S2026802910B598B-C98AC55B016: no probability
2026-06-24 06:20:00,834 WARNING prediction_market_engine.normalization.canonical_market: Skipping kalshi market KXMVESPORTSMULTIGAMEEXTENDED-S2026F7EC43C62C7-DD35EE8B5FF: no probability
2026-06-24 06:20:00,834 WARNING prediction_market_engine.normalization.canonical_market: Skipping kalshi market KXMVESPORTSMULTIGAMEEXTENDED-S2026E6ADBB40B46-946149E277D: no probability
2026-06-24 06:20:00,834 WARNING prediction_market_engine.normalization.canonical_market: Skipping kalshi market KXMVESPORTSMULTIGAMEEXTENDED-S20269E51284F034-8C28238670B: no probability
2026-06-24 06:20:00,834 WARNING prediction_market_engine.normalization.canonical_market: Skipping kalshi market KXMVESPORTSMULTIGAMEEXTENDED-S202663F0E3853AA-E4B0E3D4ACD: no probability
2026-06-24 06:20:00,834 WARNING prediction_market_engine.normalization.canonical_market: Skipping kalshi market KXMVESPORTSMULTIGAMEEXTENDED-S20261380F3AAB24-F9F03341139: no probability
2026-06-24 06:20:00,834 WARNING prediction_market_engine.normalization.canonical_market: Skipping kalshi market KXMVESPORTSMULTIGAMEEXTENDED-S2026F59C05E1DF9-1ED1CA2A70D: no probability
2026-06-24 06:20:00,834 WARNING prediction_market_engine.normalization.canonical_market: Skipping kalshi market KXMVECROSSCATEGORY-S20269015119B7B1-ADB028A6DB8: no probability
2026-06-24 06:20:00,834 WARNING prediction_market_engine.normalization.canonical_market: Skipping kalshi market KXMVESPORTSMULTIGAMEEXTENDED-S202610674F67BFA-67D02EF2A0A: no probability
2026-06-24 06:20:00,835 WARNING prediction_market_engine.normalization.canonical_market: Skipping kalshi market KXMVESPORTSMULTIGAMEEXTENDED-S20268FA11F12714-7BD5F886359: no probability
2026-06-24 06:20:00,835 WARNING prediction_market_engine.normalization.canonical_market: Skipping kalshi market KXMVESPORTSMULTIGAMEEXTENDED-S2026D58FD5DF269-1BED6FE47D6: no probability
2026-06-24 06:20:00,835 WARNING prediction_market_engine.normalization.canonical_market: Skipping kalshi market KXMVESPORTSMULTIGAMEEXTENDED-S2026031595B875A-FBFEE79BAA8: no probability
2026-06-24 06:20:00,835 WARNING prediction_market_engine.normalization.canonical_market: Skipping kalshi market KXMVESPORTSMULTIGAMEEXTENDED-S2026CF9748F2B7D-29CF758DA2B: no probability
2026-06-24 06:20:00,835 WARNING prediction_market_engine.normalization.canonical_market: Skipping kalshi market KXMVECROSSCATEGORY-S2026DEE7980B1BC-40E8A2ACBD8: no probability
2026-06-24 06:20:00,835 WARNING prediction_market_engine.normalization.canonical_market: Skipping kalshi market KXMVECROSSCATEGORY-S2026ED74AF3D656-C25C4561580: no probability
2026-06-24 06:20:00,835 WARNING prediction_market_engine.normalization.canonical_market: Skipping kalshi market KXMVESPORTSMULTIGAMEEXTENDED-S202657575E54BE4-06C1223DB2F: no probability
2026-06-24 06:20:00,835 WARNING prediction_market_engine.normalization.canonical_market: Skipping kalshi market KXMVESPORTSMULTIGAMEEXTENDED-S2026866A91CC41F-4088E19D41A: no probability
2026-06-24 06:20:00,835 WARNING prediction_market_engine.normalization.canonical_market: Skipping kalshi market KXMVESPORTSMULTIGAMEEXTENDED-S20268ECEA1AB89C-FAC693E8872: no probability
2026-06-24 06:20:00,835 WARNING prediction_market_engine.normalization.canonical_market: Skipping kalshi market KXMVESPORTSMULTIGAMEEXTENDED-S202699B8135B77B-C087FC2F8DA: no probability
2026-06-24 06:20:00,835 WARNING prediction_market_engine.normalization.canonical_market: Skipping kalshi market KXMVESPORTSMULTIGAMEEXTENDED-S20265AF3DA0B052-0A39531016B: no probability
2026-06-24 06:20:00,835 WARNING prediction_market_engine.normalization.canonical_market: Skipping kalshi market KXMVESPORTSMULTIGAMEEXTENDED-S20262D4A8BB5C72-4E6B7E7EFD1: no probability
2026-06-24 06:20:00,836 WARNING prediction_market_engine.normalization.canonical_market: Skipping kalshi market KXMVECROSSCATEGORY-S20262A98E55D274-1AA5353642E: no probability
2026-06-24 06:20:00,836 WARNING prediction_market_engine.normalization.canonical_market: Skipping kalshi market KXMVESPORTSMULTIGAMEEXTENDED-S2026D9D626E6994-3D9F39C6822: no probability
2026-06-24 06:20:00,836 WARNING prediction_market_engine.normalization.canonical_market: Skipping kalshi market KXMVECROSSCATEGORY-S2026EF17EA0894F-B9900B4AAD0: no probability
2026-06-24 06:20:00,836 WARNING prediction_market_engine.normalization.canonical_market: Skipping kalshi market KXMVESPORTSMULTIGAMEEXTENDED-S20263A1D0C9E894-5384475EED0: no probability
2026-06-24 06:20:00,836 WARNING prediction_market_engine.normalization.canonical_market: Skipping kalshi market KXMVESPORTSMULTIGAMEEXTENDED-S2026FC7CCF143A7-4DAEA985DBF: no probability
2026-06-24 06:20:00,836 WARNING prediction_market_engine.normalization.canonical_market: Skipping kalshi market KXMVESPORTSMULTIGAMEEXTENDED-S2026DBEB063C581-BA7E08832CC: no probability
2026-06-24 06:20:00,836 WARNING prediction_market_engine.normalization.canonical_market: Skipping kalshi market KXMVESPORTSMULTIGAMEEXTENDED-S2026BBB1783B4A6-B32B1F6C795: no probability
2026-06-24 06:20:00,836 WARNING prediction_market_engine.normalization.canonical_market: Skipping kalshi market KXMVESPORTSMULTIGAMEEXTENDED-S202642265DFEDB5-427A241F981: no probability
2026-06-24 06:20:00,836 WARNING prediction_market_engine.normalization.canonical_market: Skipping kalshi market KXMVESPORTSMULTIGAMEEXTENDED-S2026F3A5D535C4B-D9F05C68771: no probability
2026-06-24 06:20:00,836 WARNING prediction_market_engine.normalization.canonical_market: Skipping kalshi market KXMVESPORTSMULTIGAMEEXTENDED-S20266206DCF82E7-EEFF4ACAF40: no probability
2026-06-24 06:20:00,836 WARNING prediction_market_engine.normalization.canonical_market: Skipping kalshi market KXMVESPORTSMULTIGAMEEXTENDED-S2026DC4D45387BF-7D3976EDAFE: no probability
2026-06-24 06:20:00,836 WARNING prediction_market_engine.normalization.canonical_market: Skipping kalshi market KXMVESPORTSMULTIGAMEEXTENDED-S20266C6DC4F9628-157486C52ED: no probability
2026-06-24 06:20:00,836 WARNING prediction_market_engine.normalization.canonical_market: Skipping kalshi market KXMVESPORTSMULTIGAMEEXTENDED-S2026684DB161178-5BC39D125DF: no probability
2026-06-24 06:20:00,836 WARNING prediction_market_engine.normalization.canonical_market: Skipping kalshi market KXMVECROSSCATEGORY-S2026E9B4A2EC5D2-DF38D01828E: no probability
2026-06-24 06:20:00,837 WARNING prediction_market_engine.normalization.canonical_market: Skipping kalshi market KXMVESPORTSMULTIGAMEEXTENDED-S2026FE85FC24796-417924D33D7: no probability
2026-06-24 06:20:00,837 WARNING prediction_market_engine.normalization.canonical_market: Skipping kalshi market KXMVESPORTSMULTIGAMEEXTENDED-S2026AE2D9C90675-8973198F9C6: no probability
2026-06-24 06:20:00,837 WARNING prediction_market_engine.normalization.canonical_market: Skipping kalshi market KXMVESPORTSMULTIGAMEEXTENDED-S2026BE4277FB695-5EDF0E9E4B3: no probability
2026-06-24 06:20:00,837 WARNING prediction_market_engine.normalization.canonical_market: Skipping kalshi market KXMVESPORTSMULTIGAMEEXTENDED-S202639836B8BFA8-5649A33D69D: no probability
2026-06-24 06:20:00,837 WARNING prediction_market_engine.normalization.canonical_market: Skipping kalshi market KXMVESPORTSMULTIGAMEEXTENDED-S202698EC0F3010B-005BC59DD50: no probability
2026-06-24 06:20:00,837 WARNING prediction_market_engine.normalization.canonical_market: Skipping kalshi market KXMVESPORTSMULTIGAMEEXTENDED-S2026FADA794B3AE-ED80E8AEDB2: no probability
2026-06-24 06:20:00,837 WARNING prediction_market_engine.normalization.canonical_market: Skipping kalshi market KXMVESPORTSMULTIGAMEEXTENDED-S2026DEAB11032C2-AA388E6285B: no probability
2026-06-24 06:20:00,837 WARNING prediction_market_engine.normalization.canonical_market: Skipping kalshi market KXMVESPORTSMULTIGAMEEXTENDED-S20263ADE9A0AF83-5FE6B1AFA46: no probability
2026-06-24 06:20:00,837 WARNING prediction_market_engine.normalization.canonical_market: Skipping kalshi market KXMVESPORTSMULTIGAMEEXTENDED-S2026DF1E4411388-5EBFB2EDA90: no probability
2026-06-24 06:20:00,837 WARNING prediction_market_engine.normalization.canonical_market: Skipping kalshi market KXMVESPORTSMULTIGAMEEXTENDED-S202633736CDE520-2D223EF0331: no probability
2026-06-24 06:20:00,837 WARNING prediction_market_engine.normalization.canonical_market: Skipping kalshi market KXMVESPORTSMULTIGAMEEXTENDED-S2026102FE7BD342-CE8A7142DB2: no probability
2026-06-24 06:20:00,837 WARNING prediction_market_engine.normalization.canonical_market: Skipping kalshi market KXMVESPORTSMULTIGAMEEXTENDED-S20263E2A36C3E3B-18D19DA8F46: no probability
2026-06-24 06:20:00,837 WARNING prediction_market_engine.normalization.canonical_market: Skipping kalshi market KXMVESPORTSMULTIGAMEEXTENDED-S2026E315853D1B5-AF74E54304A: no probability
2026-06-24 06:20:00,837 WARNING prediction_market_engine.normalization.canonical_market: Skipping kalshi market KXMVESPORTSMULTIGAMEEXTENDED-S2026AC3D2BEC8A1-A925FEF7D15: no probability
2026-06-24 06:20:00,837 WARNING prediction_market_engine.normalization.canonical_market: Skipping kalshi market KXMVESPORTSMULTIGAMEEXTENDED-S20267CFCC920CFA-9C60109F938: no probability
2026-06-24 06:20:00,837 WARNING prediction_market_engine.normalization.canonical_market: Skipping kalshi market KXMVESPORTSMULTIGAMEEXTENDED-S2026CFB40C76437-17B85FB557A: no probability
2026-06-24 06:20:00,837 WARNING prediction_market_engine.normalization.canonical_market: Skipping kalshi market KXMVESPORTSMULTIGAMEEXTENDED-S2026CC1A531AFB7-E3B087DD4C3: no probability
2026-06-24 06:20:00,837 WARNING prediction_market_engine.normalization.canonical_market: Skipping kalshi market KXMVESPORTSMULTIGAMEEXTENDED-S20268D6724839FC-16C3036C5DE: no probability
2026-06-24 06:20:00,837 WARNING prediction_market_engine.normalization.canonical_market: Skipping kalshi market KXMVECROSSCATEGORY-S2026D6E21494250-3CA72D2F951: no probability
2026-06-24 06:20:00,838 WARNING prediction_market_engine.normalization.canonical_market: Skipping kalshi market KXMVECROSSCATEGORY-S2026F8E2EBC33CA-5F6F3D102B1: no probability
2026-06-24 06:20:00,838 WARNING prediction_market_engine.normalization.canonical_market: Skipping kalshi market KXMVECROSSCATEGORY-S202671DDCC45C62-1E166B65165: no probability
2026-06-24 06:20:00,838 WARNING prediction_market_engine.normalization.canonical_market: Skipping kalshi market KXMVECROSSCATEGORY-S202600BFF662968-42CA533E257: no probability
2026-06-24 06:20:00,838 WARNING prediction_market_engine.normalization.canonical_market: Skipping kalshi market KXMVESPORTSMULTIGAMEEXTENDED-S20266EA4D2FE7B2-0812E50D894: no probability
2026-06-24 06:20:00,838 WARNING prediction_market_engine.normalization.canonical_market: Skipping kalshi market KXMVESPORTSMULTIGAMEEXTENDED-S2026ADD5D0F1FDC-2E858E80413: no probability
2026-06-24 06:20:00,838 WARNING prediction_market_engine.normalization.canonical_market: Skipping kalshi market KXMVESPORTSMULTIGAMEEXTENDED-S2026E3C451CABD3-A09FF8A0773: no probability
2026-06-24 06:20:00,838 WARNING prediction_market_engine.normalization.canonical_market: Skipping kalshi market KXMVESPORTSMULTIGAMEEXTENDED-S20261434317911D-4359FF258A5: no probability
2026-06-24 06:20:00,838 WARNING prediction_market_engine.normalization.canonical_market: Skipping kalshi market KXMVESPORTSMULTIGAMEEXTENDED-S202613D5B82B25B-9A22DF8E0FA: no probability
2026-06-24 06:20:00,838 WARNING prediction_market_engine.normalization.canonical_market: Skipping kalshi market KXMVESPORTSMULTIGAMEEXTENDED-S20264359364A901-5272E2048B8: no probability
2026-06-24 06:20:00,838 WARNING prediction_market_engine.normalization.canonical_market: Skipping kalshi market KXMVECROSSCATEGORY-S2026A704055B4D8-1A805B5ED36: no probability
2026-06-24 06:20:00,838 WARNING prediction_market_engine.normalization.canonical_market: Skipping kalshi market KXMVESPORTSMULTIGAMEEXTENDED-S202634C9F0B29F7-0CECFBA3F18: no probability
2026-06-24 06:20:00,838 WARNING prediction_market_engine.normalization.canonical_market: Skipping kalshi market KXMVESPORTSMULTIGAMEEXTENDED-S2026742E7AE10E4-8D5434A3084: no probability
2026-06-24 06:20:00,838 WARNING prediction_market_engine.normalization.canonical_market: Skipping kalshi market KXMVESPORTSMULTIGAMEEXTENDED-S2026AA0B44820C4-D295757196F: no probability
2026-06-24 06:20:00,838 WARNING prediction_market_engine.normalization.canonical_market: Skipping kalshi market KXMVESPORTSMULTIGAMEEXTENDED-S2026F70CDCC8A2B-1803BC7712F: no probability
2026-06-24 06:20:00,838 WARNING prediction_market_engine.normalization.canonical_market: Skipping kalshi market KXMVESPORTSMULTIGAMEEXTENDED-S2026068DFA072FB-FCC52BC31E1: no probability
2026-06-24 06:20:00,838 WARNING prediction_market_engine.normalization.canonical_market: Skipping kalshi market KXMVESPORTSMULTIGAMEEXTENDED-S2026ABD1C7DB1CA-B008331E0C2: no probability
2026-06-24 06:20:00,838 WARNING prediction_market_engine.normalization.canonical_market: Skipping kalshi market KXMVECROSSCATEGORY-S2026549C1CCC40D-2AC16E99E9B: no probability
2026-06-24 06:20:00,838 WARNING prediction_market_engine.normalization.canonical_market: Skipping kalshi market KXMVECROSSCATEGORY-S2026ED74AF3D656-329E8D4FACB: no probability
2026-06-24 06:20:00,839 WARNING prediction_market_engine.normalization.canonical_market: Skipping kalshi market KXMVECROSSCATEGORY-S2026E07D27849A2-D59EF624D56: no probability
2026-06-24 06:20:00,839 WARNING prediction_market_engine.normalization.canonical_market: Skipping kalshi market KXMVECROSSCATEGORY-S2026454FEE23633-F1386E3A233: no probability
2026-06-24 06:20:00,839 WARNING prediction_market_engine.normalization.canonical_market: Skipping kalshi market KXMVECROSSCATEGORY-S2026E07D27849A2-E2BB005F763: no probability
2026-06-24 06:20:00,839 WARNING prediction_market_engine.normalization.canonical_market: Skipping kalshi market KXMVECROSSCATEGORY-S2026043F13B9421-B12BCCF725B: no probability
2026-06-24 06:20:00,839 WARNING prediction_market_engine.normalization.canonical_market: Skipping kalshi market KXMVECROSSCATEGORY-S20268FF5BB66081-E71A9D00D57: no probability
2026-06-24 06:20:00,839 WARNING prediction_market_engine.normalization.canonical_market: Skipping kalshi market KXMVESPORTSMULTIGAMEEXTENDED-S2026214F77D383D-AB489FF4F72: no probability
2026-06-24 06:20:00,839 WARNING prediction_market_engine.normalization.canonical_market: Skipping kalshi market KXMVESPORTSMULTIGAMEEXTENDED-S202602B1E01A980-87B7A1F739B: no probability
2026-06-24 06:20:00,839 WARNING prediction_market_engine.normalization.canonical_market: Skipping kalshi market KXMVESPORTSMULTIGAMEEXTENDED-S2026FC56211383A-A64351C655F: no probability
2026-06-24 06:20:00,839 WARNING prediction_market_engine.normalization.canonical_market: Skipping kalshi market KXMVESPORTSMULTIGAMEEXTENDED-S202636950F4C569-0630CF2BDEC: no probability
2026-06-24 06:20:00,839 WARNING prediction_market_engine.normalization.canonical_market: Skipping kalshi market KXMVESPORTSMULTIGAMEEXTENDED-S20260C1639BDB74-67088324A01: no probability
2026-06-24 06:20:00,839 WARNING prediction_market_engine.normalization.canonical_market: Skipping kalshi market KXMVECROSSCATEGORY-S20261B3C46DBBEE-E9E48B6C543: no probability
2026-06-24 06:20:00,839 WARNING prediction_market_engine.normalization.canonical_market: Skipping kalshi market KXMVESPORTSMULTIGAMEEXTENDED-S20262B4893B1D59-6B07FFF131C: no probability
2026-06-24 06:20:00,839 WARNING prediction_market_engine.normalization.canonical_market: Skipping kalshi market KXMVESPORTSMULTIGAMEEXTENDED-S20263C56FAA16CF-4454AC5E4D9: no probability
2026-06-24 06:20:00,839 WARNING prediction_market_engine.normalization.canonical_market: Skipping kalshi market KXMVECROSSCATEGORY-S2026BC61C1E8183-8383E8960D0: no probability
2026-06-24 06:20:00,840 WARNING prediction_market_engine.normalization.canonical_market: Skipping kalshi market KXMVESPORTSMULTIGAMEEXTENDED-S2026A5B3F25FFA2-EDA8FC7BFDA: no probability
2026-06-24 06:20:00,840 WARNING prediction_market_engine.normalization.canonical_market: Skipping kalshi market KXMVESPORTSMULTIGAMEEXTENDED-S2026F439F495301-D953AB90FF6: no probability
2026-06-24 06:20:00,840 WARNING prediction_market_engine.normalization.canonical_market: Skipping kalshi market KXMVESPORTSMULTIGAMEEXTENDED-S2026D4C97CD41DD-CD08836F3AA: no probability
2026-06-24 06:20:00,840 WARNING prediction_market_engine.normalization.canonical_market: Skipping kalshi market KXMVESPORTSMULTIGAMEEXTENDED-S202603C0B1EC6A8-4F49AD0BA61: no probability
2026-06-24 06:20:00,840 WARNING prediction_market_engine.normalization.canonical_market: Skipping kalshi market KXMVESPORTSMULTIGAMEEXTENDED-S2026F5D9FFF1F58-1480CAFD223: no probability
2026-06-24 06:20:00,840 WARNING prediction_market_engine.normalization.canonical_market: Skipping kalshi market KXMVESPORTSMULTIGAMEEXTENDED-S2026DBD9A644B5E-B18125F4E75: no probability
2026-06-24 06:20:00,840 WARNING prediction_market_engine.normalization.canonical_market: Skipping kalshi market KXMVESPORTSMULTIGAMEEXTENDED-S202698574367238-9883F638CD5: no probability
2026-06-24 06:20:00,840 WARNING prediction_market_engine.normalization.canonical_market: Skipping kalshi market KXMVECROSSCATEGORY-S2026F707F1B232A-7A3BDF50137: no probability
2026-06-24 06:20:00,929 INFO httpx: HTTP Request: GET https://gamma-api.polymarket.com/markets?active=true&limit=100 "HTTP/1.1 200 OK"
2026-06-24 06:20:00,968 INFO prediction_market_engine.normalization.matcher: Matched 0 cross-venue pairs from 102 markets
2026-06-24 06:20:00,972 INFO prediction_market_engine.engine: Poll complete: 102 markets, 0 pairs, 0 opportunities
2026-06-24 06:20:00,972 INFO apscheduler.executors.default: Job "PredictionMarketEngine.poll (trigger: interval[0:05:00], next run at: 2026-06-24 06:25:00 EDT)" executed successfully
2026-06-24 06:25:00,696 INFO apscheduler.executors.default: Running job "PredictionMarketEngine.poll (trigger: interval[0:05:00], next run at: 2026-06-24 06:30:00 EDT)" (scheduled at 2026-06-24 06:25:00.621526-04:00)
2026-06-24 06:25:00,698 INFO prediction_market_engine.engine: Starting poll cycle (mock=False)
2026-06-24 06:25:00,782 INFO httpx: HTTP Request: GET https://api.elections.kalshi.com/trade-api/v2/markets?limit=100&status=open "HTTP/1.1 200 OK"
2026-06-24 06:25:00,818 WARNING prediction_market_engine.normalization.canonical_market: Skipping kalshi market KXMVECROSSCATEGORY-S2026C8FBC66B121-7A98C3683B8: no probability
2026-06-24 06:25:00,818 WARNING prediction_market_engine.normalization.canonical_market: Skipping kalshi market KXMVESPORTSMULTIGAMEEXTENDED-S2026D54F452968C-53B08771886: no probability
2026-06-24 06:25:00,818 WARNING prediction_market_engine.normalization.canonical_market: Skipping kalshi market KXMVESPORTSMULTIGAMEEXTENDED-S202662EA19B161F-FDD47E781AE: no probability
2026-06-24 06:25:00,818 WARNING prediction_market_engine.normalization.canonical_market: Skipping kalshi market KXMVESPORTSMULTIGAMEEXTENDED-S20267284A3E357D-54C3838BF31: no probability
2026-06-24 06:25:00,818 WARNING prediction_market_engine.normalization.canonical_market: Skipping kalshi market KXMVESPORTSMULTIGAMEEXTENDED-S2026F1ECA15F714-9F16A5AB443: no probability
2026-06-24 06:25:00,819 WARNING prediction_market_engine.normalization.canonical_market: Skipping kalshi market KXMVESPORTSMULTIGAMEEXTENDED-S202603685165F63-8406DBA3EFC: no probability
2026-06-24 06:25:00,819 WARNING prediction_market_engine.normalization.canonical_market: Skipping kalshi market KXMVESPORTSMULTIGAMEEXTENDED-S20267382E1F22C6-DC159727A73: no probability
2026-06-24 06:25:00,819 WARNING prediction_market_engine.normalization.canonical_market: Skipping kalshi market KXMVECROSSCATEGORY-S2026DF3B6AF0CD5-0E537A9C324: no probability
2026-06-24 06:25:00,819 WARNING prediction_market_engine.normalization.canonical_market: Skipping kalshi market KXMVESPORTSMULTIGAMEEXTENDED-S2026A760E4A421D-A36DB2FF4D9: no probability
2026-06-24 06:25:00,819 WARNING prediction_market_engine.normalization.canonical_market: Skipping kalshi market KXMVESPORTSMULTIGAMEEXTENDED-S20264D8D4AB79E1-3E972E9058A: no probability
2026-06-24 06:25:00,819 WARNING prediction_market_engine.normalization.canonical_market: Skipping kalshi market KXMVECROSSCATEGORY-S2026A6E4C3B83BB-0FD9300D60E: no probability
2026-06-24 06:25:00,819 WARNING prediction_market_engine.normalization.canonical_market: Skipping kalshi market KXMVESPORTSMULTIGAMEEXTENDED-S20269AAFFE8110D-7566AD88508: no probability
2026-06-24 06:25:00,819 WARNING prediction_market_engine.normalization.canonical_market: Skipping kalshi market KXMVECROSSCATEGORY-S20268D85F593853-1EB8B3466E7: no probability
2026-06-24 06:25:00,819 WARNING prediction_market_engine.normalization.canonical_market: Skipping kalshi market KXMVECROSSCATEGORY-S2026A7D4280C5AD-60FE493D6F9: no probability
2026-06-24 06:25:00,819 WARNING prediction_market_engine.normalization.canonical_market: Skipping kalshi market KXMVESPORTSMULTIGAMEEXTENDED-S2026B6DFE06BB2B-00CF0F30429: no probability
2026-06-24 06:25:00,819 WARNING prediction_market_engine.normalization.canonical_market: Skipping kalshi market KXMVESPORTSMULTIGAMEEXTENDED-S202683B883EB8FF-F8B4BC7B235: no probability
2026-06-24 06:25:00,819 WARNING prediction_market_engine.normalization.canonical_market: Skipping kalshi market KXMVESPORTSMULTIGAMEEXTENDED-S2026C05EF47ABA3-6CB06FC6280: no probability
2026-06-24 06:25:00,820 WARNING prediction_market_engine.normalization.canonical_market: Skipping kalshi market KXMVESPORTSMULTIGAMEEXTENDED-S2026EFE603ACC61-BDDD56DA376: no probability
2026-06-24 06:25:00,820 WARNING prediction_market_engine.normalization.canonical_market: Skipping kalshi market KXMVESPORTSMULTIGAMEEXTENDED-S202669D9CE9C86A-A67B1AAB1AB: no probability
2026-06-24 06:25:00,820 WARNING prediction_market_engine.normalization.canonical_market: Skipping kalshi market KXMVECROSSCATEGORY-S2026EE2C1F7DFBF-1E786798BC9: no probability
2026-06-24 06:25:00,820 WARNING prediction_market_engine.normalization.canonical_market: Skipping kalshi market KXMVESPORTSMULTIGAMEEXTENDED-S20269FA9D64D6CD-28A63DC00B3: no probability
2026-06-24 06:25:00,820 WARNING prediction_market_engine.normalization.canonical_market: Skipping kalshi market KXMVESPORTSMULTIGAMEEXTENDED-S2026C478139B8F7-0240904821E: no probability
2026-06-24 06:25:00,820 WARNING prediction_market_engine.normalization.canonical_market: Skipping kalshi market KXMVESPORTSMULTIGAMEEXTENDED-S2026158C9655CCF-97AFF421F1A: no probability
2026-06-24 06:25:00,820 WARNING prediction_market_engine.normalization.canonical_market: Skipping kalshi market KXMVESPORTSMULTIGAMEEXTENDED-S20260EDC68E9480-2846BA773EE: no probability
2026-06-24 06:25:00,820 WARNING prediction_market_engine.normalization.canonical_market: Skipping kalshi market KXMVESPORTSMULTIGAMEEXTENDED-S202678A9B1EC3B0-2FBC8E45CB6: no probability
2026-06-24 06:25:00,820 WARNING prediction_market_engine.normalization.canonical_market: Skipping kalshi market KXMVESPORTSMULTIGAMEEXTENDED-S20263E8F8404A20-D9C0A6FD77A: no probability
2026-06-24 06:25:00,820 WARNING prediction_market_engine.normalization.canonical_market: Skipping kalshi market KXMVESPORTSMULTIGAMEEXTENDED-S20262D189F7ACEE-A53E10408E2: no probability
2026-06-24 06:25:00,820 WARNING prediction_market_engine.normalization.canonical_market: Skipping kalshi market KXMVECROSSCATEGORY-S20263695968573F-70014B14900: no probability
2026-06-24 06:25:00,820 WARNING prediction_market_engine.normalization.canonical_market: Skipping kalshi market KXMVESPORTSMULTIGAMEEXTENDED-S2026C7AC65C127B-CD470D7CAD6: no probability
2026-06-24 06:25:00,820 WARNING prediction_market_engine.normalization.canonical_market: Skipping kalshi market KXMVESPORTSMULTIGAMEEXTENDED-S2026D6BA6719AB4-FA93A9B2F22: no probability
2026-06-24 06:25:00,820 WARNING prediction_market_engine.normalization.canonical_market: Skipping kalshi market KXMVECROSSCATEGORY-S20263FDB0B21EA1-01A3E48492D: no probability
2026-06-24 06:25:00,820 WARNING prediction_market_engine.normalization.canonical_market: Skipping kalshi market KXMVESPORTSMULTIGAMEEXTENDED-S2026A8FD7F2EE61-836ECA6B7C7: no probability
2026-06-24 06:25:00,820 WARNING prediction_market_engine.normalization.canonical_market: Skipping kalshi market KXMVESPORTSMULTIGAMEEXTENDED-S202669D05A760B4-D0686282691: no probability
2026-06-24 06:25:00,820 WARNING prediction_market_engine.normalization.canonical_market: Skipping kalshi market KXMVECROSSCATEGORY-S2026FC0AC2E4C3D-26705029B34: no probability
2026-06-24 06:25:00,820 WARNING prediction_market_engine.normalization.canonical_market: Skipping kalshi market KXMVESPORTSMULTIGAMEEXTENDED-S2026651ADBB5B4B-3034F6847E6: no probability
2026-06-24 06:25:00,820 WARNING prediction_market_engine.normalization.canonical_market: Skipping kalshi market KXMVESPORTSMULTIGAMEEXTENDED-S2026818CE800355-261B3693B43: no probability
2026-06-24 06:25:00,821 WARNING prediction_market_engine.normalization.canonical_market: Skipping kalshi market KXMVESPORTSMULTIGAMEEXTENDED-S2026700F3E486A4-CD5D087FF2C: no probability
2026-06-24 06:25:00,821 WARNING prediction_market_engine.normalization.canonical_market: Skipping kalshi market KXMVESPORTSMULTIGAMEEXTENDED-S202629B7ED94238-1E27DF6A84F: no probability
2026-06-24 06:25:00,821 WARNING prediction_market_engine.normalization.canonical_market: Skipping kalshi market KXMVECROSSCATEGORY-S2026C0272F78B2C-1D580DD5E71: no probability
2026-06-24 06:25:00,821 WARNING prediction_market_engine.normalization.canonical_market: Skipping kalshi market KXMVESPORTSMULTIGAMEEXTENDED-S2026933D8D388E8-ABAE288FFC6: no probability
2026-06-24 06:25:00,821 WARNING prediction_market_engine.normalization.canonical_market: Skipping kalshi market KXMVESPORTSMULTIGAMEEXTENDED-S2026BE0AF8FBB30-0AD2C0648C6: no probability
2026-06-24 06:25:00,821 WARNING prediction_market_engine.normalization.canonical_market: Skipping kalshi market KXMVESPORTSMULTIGAMEEXTENDED-S2026096EC5CE565-43D7D97724D: no probability
2026-06-24 06:25:00,821 WARNING prediction_market_engine.normalization.canonical_market: Skipping kalshi market KXMVESPORTSMULTIGAMEEXTENDED-S20264B912C351C8-E013CDDB898: no probability
2026-06-24 06:25:00,821 WARNING prediction_market_engine.normalization.canonical_market: Skipping kalshi market KXMVESPORTSMULTIGAMEEXTENDED-S202672C450180E7-0246898F913: no probability
2026-06-24 06:25:00,821 WARNING prediction_market_engine.normalization.canonical_market: Skipping kalshi market KXMVESPORTSMULTIGAMEEXTENDED-S20263AC2AF96F14-8DC83F9A309: no probability
2026-06-24 06:25:00,821 WARNING prediction_market_engine.normalization.canonical_market: Skipping kalshi market KXMVESPORTSMULTIGAMEEXTENDED-S20261CD62C67AF0-4A16BCB471E: no probability
2026-06-24 06:25:00,821 WARNING prediction_market_engine.normalization.canonical_market: Skipping kalshi market KXMVESPORTSMULTIGAMEEXTENDED-S20260930A185D51-9688649BBA4: no probability
2026-06-24 06:25:00,821 WARNING prediction_market_engine.normalization.canonical_market: Skipping kalshi market KXMVESPORTSMULTIGAMEEXTENDED-S2026F1833086A90-F6BB1F22104: no probability
2026-06-24 06:25:00,821 WARNING prediction_market_engine.normalization.canonical_market: Skipping kalshi market KXMVESPORTSMULTIGAMEEXTENDED-S2026B0682F59B57-2A0A13C6CCD: no probability
2026-06-24 06:25:00,821 WARNING prediction_market_engine.normalization.canonical_market: Skipping kalshi market KXMVESPORTSMULTIGAMEEXTENDED-S20268F33ECACA4B-A86A63A129F: no probability
2026-06-24 06:25:00,821 WARNING prediction_market_engine.normalization.canonical_market: Skipping kalshi market KXMVECROSSCATEGORY-S20263CF1EDA51F3-C79C314DAB4: no probability
2026-06-24 06:25:00,822 WARNING prediction_market_engine.normalization.canonical_market: Skipping kalshi market KXMVECROSSCATEGORY-S202679F17676337-04292840862: no probability
2026-06-24 06:25:00,822 WARNING prediction_market_engine.normalization.canonical_market: Skipping kalshi market KXMVESPORTSMULTIGAMEEXTENDED-S2026E170916CC16-8B6D3D41EC6: no probability
2026-06-24 06:25:00,822 WARNING prediction_market_engine.normalization.canonical_market: Skipping kalshi market KXMVESPORTSMULTIGAMEEXTENDED-S20269AFE65158BD-C67E47ABED3: no probability
2026-06-24 06:25:00,822 WARNING prediction_market_engine.normalization.canonical_market: Skipping kalshi market KXMVESPORTSMULTIGAMEEXTENDED-S2026646E6167AE1-5E4F6E795A0: no probability
2026-06-24 06:25:00,822 WARNING prediction_market_engine.normalization.canonical_market: Skipping kalshi market KXMVESPORTSMULTIGAMEEXTENDED-S202606BF0163EA1-131B846EB96: no probability
2026-06-24 06:25:00,822 WARNING prediction_market_engine.normalization.canonical_market: Skipping kalshi market KXMVESPORTSMULTIGAMEEXTENDED-S20266C2AE3EF14C-C37C08A0D40: no probability
2026-06-24 06:25:00,822 WARNING prediction_market_engine.normalization.canonical_market: Skipping kalshi market KXMVESPORTSMULTIGAMEEXTENDED-S202662F96000111-53664E95B53: no probability
2026-06-24 06:25:00,822 WARNING prediction_market_engine.normalization.canonical_market: Skipping kalshi market KXMVESPORTSMULTIGAMEEXTENDED-S202674F48CF4D2E-ABDE0EAA912: no probability
2026-06-24 06:25:00,822 WARNING prediction_market_engine.normalization.canonical_market: Skipping kalshi market KXMVESPORTSMULTIGAMEEXTENDED-S2026573DB26963C-CD466AD31B1: no probability
2026-06-24 06:25:00,822 WARNING prediction_market_engine.normalization.canonical_market: Skipping kalshi market KXMVESPORTSMULTIGAMEEXTENDED-S2026748DAC78E85-808E428A77D: no probability
2026-06-24 06:25:00,822 WARNING prediction_market_engine.normalization.canonical_market: Skipping kalshi market KXMVESPORTSMULTIGAMEEXTENDED-S2026A5D99BCC500-A1F7DC5EA75: no probability
2026-06-24 06:25:00,822 WARNING prediction_market_engine.normalization.canonical_market: Skipping kalshi market KXMVESPORTSMULTIGAMEEXTENDED-S202633B69AB06AC-8FEA9032D0F: no probability
2026-06-24 06:25:00,823 WARNING prediction_market_engine.normalization.canonical_market: Skipping kalshi market KXMVESPORTSMULTIGAMEEXTENDED-S202643EC00AFE90-5F3CCC23F27: no probability
2026-06-24 06:25:00,823 WARNING prediction_market_engine.normalization.canonical_market: Skipping kalshi market KXMVECROSSCATEGORY-S2026E166C504BBA-6247BB18DBA: no probability
2026-06-24 06:25:00,823 WARNING prediction_market_engine.normalization.canonical_market: Skipping kalshi market KXMVESPORTSMULTIGAMEEXTENDED-S2026913D2BDD93C-84E73F0BF14: no probability
2026-06-24 06:25:00,823 WARNING prediction_market_engine.normalization.canonical_market: Skipping kalshi market KXMVESPORTSMULTIGAMEEXTENDED-S202606BF0163EA1-6ED50B84AA2: no probability
2026-06-24 06:25:00,823 WARNING prediction_market_engine.normalization.canonical_market: Skipping kalshi market KXMVESPORTSMULTIGAMEEXTENDED-S2026A029CBE3A34-7771F498E26: no probability
2026-06-24 06:25:00,823 WARNING prediction_market_engine.normalization.canonical_market: Skipping kalshi market KXMVESPORTSMULTIGAMEEXTENDED-S20260E4BA77FE4C-EE0783FEDF6: no probability
2026-06-24 06:25:00,823 WARNING prediction_market_engine.normalization.canonical_market: Skipping kalshi market KXMVESPORTSMULTIGAMEEXTENDED-S2026A8F8CE6BAD6-253C8EF17B4: no probability
2026-06-24 06:25:00,823 WARNING prediction_market_engine.normalization.canonical_market: Skipping kalshi market KXMVESPORTSMULTIGAMEEXTENDED-S202696593B6544C-8AF8E45CC84: no probability
2026-06-24 06:25:00,823 WARNING prediction_market_engine.normalization.canonical_market: Skipping kalshi market KXMVESPORTSMULTIGAMEEXTENDED-S20261C84E0CCE90-4658228E4F8: no probability
2026-06-24 06:25:00,823 WARNING prediction_market_engine.normalization.canonical_market: Skipping kalshi market KXMVESPORTSMULTIGAMEEXTENDED-S2026254D2BB427B-FFC4890DAE4: no probability
2026-06-24 06:25:00,823 WARNING prediction_market_engine.normalization.canonical_market: Skipping kalshi market KXMVECROSSCATEGORY-S20269FBE256A826-43626A84647: no probability
2026-06-24 06:25:00,824 WARNING prediction_market_engine.normalization.canonical_market: Skipping kalshi market KXMVESPORTSMULTIGAMEEXTENDED-S202677969C7B2C7-0347FFE986D: no probability
2026-06-24 06:25:00,824 WARNING prediction_market_engine.normalization.canonical_market: Skipping kalshi market KXMVECROSSCATEGORY-S20260AE0C9E0536-61A95D87627: no probability
2026-06-24 06:25:00,824 WARNING prediction_market_engine.normalization.canonical_market: Skipping kalshi market KXMVESPORTSMULTIGAMEEXTENDED-S202632DA4A5CAC5-9EDCFF29D16: no probability
2026-06-24 06:25:00,824 WARNING prediction_market_engine.normalization.canonical_market: Skipping kalshi market KXMVESPORTSMULTIGAMEEXTENDED-S202646BEAFF8EDC-F202DAAC35A: no probability
2026-06-24 06:25:00,824 WARNING prediction_market_engine.normalization.canonical_market: Skipping kalshi market KXMVESPORTSMULTIGAMEEXTENDED-S2026EA523B2E050-2C130F4274B: no probability
2026-06-24 06:25:00,824 WARNING prediction_market_engine.normalization.canonical_market: Skipping kalshi market KXMVESPORTSMULTIGAMEEXTENDED-S20264123DB85DB2-A07BF10A838: no probability
2026-06-24 06:25:00,824 WARNING prediction_market_engine.normalization.canonical_market: Skipping kalshi market KXMVECROSSCATEGORY-S2026347DF97A3CF-24A26D78BE0: no probability
2026-06-24 06:25:00,824 WARNING prediction_market_engine.normalization.canonical_market: Skipping kalshi market KXMVESPORTSMULTIGAMEEXTENDED-S2026A8F8CE6BAD6-4DDB267F69E: no probability
2026-06-24 06:25:00,824 WARNING prediction_market_engine.normalization.canonical_market: Skipping kalshi market KXMVESPORTSMULTIGAMEEXTENDED-S20266DCC8D2A000-A91F6350486: no probability
2026-06-24 06:25:00,824 WARNING prediction_market_engine.normalization.canonical_market: Skipping kalshi market KXMVESPORTSMULTIGAMEEXTENDED-S2026E6070840DC5-78BFFEDDF71: no probability
2026-06-24 06:25:00,824 WARNING prediction_market_engine.normalization.canonical_market: Skipping kalshi market KXMVESPORTSMULTIGAMEEXTENDED-S2026530DB600F30-5C2F3128D3F: no probability
2026-06-24 06:25:00,825 WARNING prediction_market_engine.normalization.canonical_market: Skipping kalshi market KXMVESPORTSMULTIGAMEEXTENDED-S2026D17B976A997-4C5946D0CAA: no probability
2026-06-24 06:25:00,825 WARNING prediction_market_engine.normalization.canonical_market: Skipping kalshi market KXMVESPORTSMULTIGAMEEXTENDED-S20268FAAD4C7437-FE8BBD5D33D: no probability
2026-06-24 06:25:00,825 WARNING prediction_market_engine.normalization.canonical_market: Skipping kalshi market KXMVESPORTSMULTIGAMEEXTENDED-S20260D57298E0DA-BBCF8900288: no probability
2026-06-24 06:25:00,825 WARNING prediction_market_engine.normalization.canonical_market: Skipping kalshi market KXMVESPORTSMULTIGAMEEXTENDED-S20266A196069BC3-BBFA03D6A76: no probability
2026-06-24 06:25:00,825 WARNING prediction_market_engine.normalization.canonical_market: Skipping kalshi market KXMVECROSSCATEGORY-S20265CA80C35875-E3631F6619A: no probability
2026-06-24 06:25:00,825 WARNING prediction_market_engine.normalization.canonical_market: Skipping kalshi market KXMVESPORTSMULTIGAMEEXTENDED-S20265071FE61A42-A2ED2304C70: no probability
2026-06-24 06:25:00,825 WARNING prediction_market_engine.normalization.canonical_market: Skipping kalshi market KXMVESPORTSMULTIGAMEEXTENDED-S2026C1A146F0EBA-FD5BDAF7031: no probability
2026-06-24 06:25:00,825 WARNING prediction_market_engine.normalization.canonical_market: Skipping kalshi market KXMVESPORTSMULTIGAMEEXTENDED-S2026C58E3342EFC-7EBC6616AD9: no probability
2026-06-24 06:25:00,825 WARNING prediction_market_engine.normalization.canonical_market: Skipping kalshi market KXMVECROSSCATEGORY-S2026C21C81A44EE-51D7F0D3AE0: no probability
2026-06-24 06:25:00,825 WARNING prediction_market_engine.normalization.canonical_market: Skipping kalshi market KXMVESPORTSMULTIGAMEEXTENDED-S2026573DB26963C-6B4925E91B8: no probability
2026-06-24 06:25:00,918 INFO httpx: HTTP Request: GET https://gamma-api.polymarket.com/markets?active=true&limit=100 "HTTP/1.1 200 OK"
2026-06-24 06:25:00,954 INFO prediction_market_engine.normalization.matcher: Matched 0 cross-venue pairs from 105 markets
2026-06-24 06:25:00,957 INFO prediction_market_engine.engine: Poll complete: 105 markets, 0 pairs, 0 opportunities
2026-06-24 06:25:00,957 INFO apscheduler.executors.default: Job "PredictionMarketEngine.poll (trigger: interval[0:05:00], next run at: 2026-06-24 06:30:00 EDT)" executed successfully
